<?xml version="1.0" encoding="UTF-8"?>
<testsuite xmlns:xsi="http://www.w3.org/2001/XMLSchema-instance" xsi:noNamespaceSchemaLocation="https://maven.apache.org/surefire/maven-surefire-plugin/xsd/surefire-test-report-3.0.xsd" version="3.0" name="dtm.TinhTienNuocTest" time="0.363" tests="6" errors="0" skipped="0" failures="0">
  <properties>
[...]
</properties>
  <testcase name="testDanCuBac1" classname="dtm.TinhTienNuocTest" time="0.005">
    <system-err><![CDATA[SLF4J: Failed to load class "org.slf4j.impl.StaticLoggerBinder".
SLF4J: Defaulting to no-operation (NOP) logger implementation
SLF4J: See http://www.slf4j.org/codes.html#StaticLoggerBinder for further details.
]]></system-err>
  </testcase>
  <testcase name="testDanCuBac2" classname="dtm.TinhTienNuocTest" time="0.0"/>
  <testcase name="testDanCuBac3" classname="dtm.TinhTienNuocTest" time="0.001"/>
  <testcase name="testHoNgheo" classname="dtm.TinhTienNuocTest" time="0.0"/>
  <testcase name="testKinhDoanh" classname="dtm.TinhTienNuocTest" time="0.0"/>
  <testcase name="testSoM3KhongHopLe" classname="dtm.TinhTienNuocTest" time="0.0"/>
</testsuite>