<?xml version="1.0" encoding="UTF-8"?>
<!-- Generated by org.testng.reporters.JUnitReportReporter -->
<testsuite hostname="DESKTOP-RJK03JE" failures="3" tests="35" name="tests.RegisterTest" time="90.843" errors="0" timestamp="2026-03-03T13:40:34 ICT" skipped="0">
  <testcase classname="tests.RegisterTest" name="TC01_registerWithValidData" time="12.524">
    <failure message="TC01 FAIL: Banner đăng ký thành công không hiện ra. expected [true] but found [false]" type="java.lang.AssertionError">
      <![CDATA[java.lang.AssertionError: TC01 FAIL: Banner đăng ký thành công không hiện ra. expected [true] but found [false]
at org.testng.Assert.fail(Assert.java:111)
at org.testng.Assert.failNotEquals(Assert.java:1578)
at org.testng.Assert.assertTrue(Assert.java:57)
at tests.RegisterTest.TC01_registerWithValidData(RegisterTest.java:49)
at java.base/jdk.internal.reflect.DirectMethodHandleAccessor.invoke(DirectMethodHandleAccessor.java:103)
at java.base/java.lang.reflect.Method.invoke(Method.java:580)
at org.testng.internal.invokers.MethodInvocationHelper.invokeMethod(MethodInvocationHelper.java:139)
at org.testng.internal.invokers.TestInvoker.invokeMethod(TestInvoker.java:664)
at org.testng.internal.invokers.TestInvoker.invokeTestMethod(TestInvoker.java:228)
at org.testng.internal.invokers.MethodRunner.runInSequence(MethodRunner.java:63)
at org.testng.internal.invokers.TestInvoker$MethodInvocationAgent.invoke(TestInvoker.java:961)
at org.testng.internal.invokers.TestInvoker.invokeTestMethods(TestInvoker.java:201)
at org.testng.internal.invokers.TestMethodWorker.invokeTestMethods(TestMethodWorker.java:148)
at org.testng.internal.invokers.TestMethodWorker.run(TestMethodWorker.java:128)
at java.base/java.util.ArrayList.forEach(ArrayList.java:1596)
at org.testng.TestRunner.privateRun(TestRunner.java:819)
at org.testng.TestRunner.run(TestRunner.java:619)
at org.testng.SuiteRunner.runTest(SuiteRunner.java:443)
at org.testng.SuiteRunner.runSequentially(SuiteRunner.java:437)
at org.testng.SuiteRunner.privateRun(SuiteRunner.java:397)
at org.testng.SuiteRunner.run(SuiteRunner.java:336)
at org.testng.SuiteRunnerWorker.runSuite(SuiteRunnerWorker.java:52)
at org.testng.SuiteRunnerWorker.run(SuiteRunnerWorker.java:95)
at org.testng.TestNG.runSuitesSequentially(TestNG.java:1301)
at org.testng.TestNG.runSuitesLocally(TestNG.java:1228)
at org.testng.TestNG.runSuites(TestNG.java:1134)
at org.testng.TestNG.run(TestNG.java:1101)
at org.apache.maven.surefire.testng.TestNGExecutor.run(TestNGExecutor.java:308)
at org.apache.maven.surefire.testng.TestNGXmlTestSuite.execute(TestNGXmlTestSuite.java:71)
at org.apache.maven.surefire.testng.TestNGProvider.invoke(TestNGProvider.java:113)
at org.apache.maven.surefire.booter.ForkedBooter.runSuitesInProcess(ForkedBooter.java:385)
at org.apache.maven.surefire.booter.ForkedBooter.execute(ForkedBooter.java:162)
at org.apache.maven.surefire.booter.ForkedBooter.run(ForkedBooter.java:507)
at org.apache.maven.surefire.booter.ForkedBooter.main(ForkedBooter.java:495)
]]>
    </failure>
  </testcase> <!-- TC01_registerWithValidData -->
  <testcase classname="tests.RegisterTest" name="TC02_fullNameEmpty" time="1.900"/>
  <testcase classname="tests.RegisterTest" name="TC03_fullNameTooShort" time="2.045"/>
  <testcase classname="tests.RegisterTest" name="TC04_usernameInvalidFormat" time="2.054">
    <failure message="TC04 FAIL: Thông báo lỗi không đúng: Tên đăng nhập phải bắt đầu bằng chữ cái thường. expected [true] but found [false]" type="java.lang.AssertionError">
      <![CDATA[java.lang.AssertionError: TC04 FAIL: Thông báo lỗi không đúng: Tên đăng nhập phải bắt đầu bằng chữ cái thường. expected [true] but found [false]
at org.testng.Assert.fail(Assert.java:111)
at org.testng.Assert.failNotEquals(Assert.java:1578)
at org.testng.Assert.assertTrue(Assert.java:57)
at tests.RegisterTest.TC04_usernameInvalidFormat(RegisterTest.java:111)
at java.base/jdk.internal.reflect.DirectMethodHandleAccessor.invoke(DirectMethodHandleAccessor.java:103)
at java.base/java.lang.reflect.Method.invoke(Method.java:580)
at org.testng.internal.invokers.MethodInvocationHelper.invokeMethod(MethodInvocationHelper.java:139)
at org.testng.internal.invokers.TestInvoker.invokeMethod(TestInvoker.java:664)
at org.testng.internal.invokers.TestInvoker.invokeTestMethod(TestInvoker.java:228)
at org.testng.internal.invokers.MethodRunner.runInSequence(MethodRunner.java:63)
at org.testng.internal.invokers.TestInvoker$MethodInvocationAgent.invoke(TestInvoker.java:961)
at org.testng.internal.invokers.TestInvoker.invokeTestMethods(TestInvoker.java:201)
at org.testng.internal.invokers.TestMethodWorker.invokeTestMethods(TestMethodWorker.java:148)
at org.testng.internal.invokers.TestMethodWorker.run(TestMethodWorker.java:128)
at java.base/java.util.ArrayList.forEach(ArrayList.java:1596)
at org.testng.TestRunner.privateRun(TestRunner.java:819)
at org.testng.TestRunner.run(TestRunner.java:619)
at org.testng.SuiteRunner.runTest(SuiteRunner.java:443)
at org.testng.SuiteRunner.runSequentially(SuiteRunner.java:437)
at org.testng.SuiteRunner.privateRun(SuiteRunner.java:397)
at org.testng.SuiteRunner.run(SuiteRunner.java:336)
at org.testng.SuiteRunnerWorker.runSuite(SuiteRunnerWorker.java:52)
at org.testng.SuiteRunnerWorker.run(SuiteRunnerWorker.java:95)
at org.testng.TestNG.runSuitesSequentially(TestNG.java:1301)
at org.testng.TestNG.runSuitesLocally(TestNG.java:1228)
at org.testng.TestNG.runSuites(TestNG.java:1134)
at org.testng.TestNG.run(TestNG.java:1101)
at org.apache.maven.surefire.testng.TestNGExecutor.run(TestNGExecutor.java:308)
at org.apache.maven.surefire.testng.TestNGXmlTestSuite.execute(TestNGXmlTestSuite.java:71)
at org.apache.maven.surefire.testng.TestNGProvider.invoke(TestNGProvider.java:113)
at org.apache.maven.surefire.booter.ForkedBooter.runSuitesInProcess(ForkedBooter.java:385)
at org.apache.maven.surefire.booter.ForkedBooter.execute(ForkedBooter.java:162)
at org.apache.maven.surefire.booter.ForkedBooter.run(ForkedBooter.java:507)
at org.apache.maven.surefire.booter.ForkedBooter.main(ForkedBooter.java:495)
]]>
    </failure>
  </testcase> <!-- TC04_usernameInvalidFormat -->
  <testcase classname="tests.RegisterTest" name="TC05_usernameDuplicate" time="1.764"/>
  <testcase classname="tests.RegisterTest" name="TC06_emailInvalidFormat" time="1.945"/>
  <testcase classname="tests.RegisterTest" name="TC07_emailDuplicate" time="1.866"/>
  <testcase classname="tests.RegisterTest" name="TC08_phoneTooShort" time="2.081"/>
  <testcase classname="tests.RegisterTest" name="TC09_passwordNoUppercase" time="1.841"/>
  <testcase classname="tests.RegisterTest" name="TC10_passwordTooShort" time="1.829"/>
  <testcase classname="tests.RegisterTest" name="TC11_confirmPasswordMismatch" time="1.964"/>
  <testcase classname="tests.RegisterTest" name="TC12_dobUnder16" time="1.813"/>
  <testcase classname="tests.RegisterTest" name="TC13_dobOver100" time="1.790"/>
  <testcase classname="tests.RegisterTest" name="TC14_referralCodeInvalidFormat" time="1.997"/>
  <testcase classname="tests.RegisterTest" name="TC15_referralCodeNotExist" time="2.041"/>
  <testcase classname="tests.RegisterTest" name="TC16_agreeTermsNotChecked" time="12.204"/>
  <testcase classname="tests.RegisterTest" name="TC17_viewTermsModalOpens" time="1.131"/>
  <testcase classname="tests.RegisterTest" name="TC18_invalidCases" time="2.459"/>
  <testcase classname="tests.RegisterTest" name="TC18_invalidCases" time="1.840"/>
  <testcase classname="tests.RegisterTest" name="TC18_invalidCases" time="1.847"/>
  <testcase classname="tests.RegisterTest" name="TC18_invalidCases" time="1.726"/>
  <testcase classname="tests.RegisterTest" name="TC18_invalidCases" time="2.207"/>
  <testcase classname="tests.RegisterTest" name="TC18_invalidCases" time="4.655">
    <failure message="TC05 – Username không đúng format (chứa chữ hoa) – FAIL: Lỗi expected chứa &#039;chữ thường, số và dấu gạch dưới&#039; nhưng actual là: &#039;Tên đăng nhập phải bắt đầu bằng chữ cái thường.&#039; expected [true] but found [false]" type="java.lang.AssertionError">
      <![CDATA[java.lang.AssertionError: TC05 – Username không đúng format (chứa chữ hoa) – FAIL: Lỗi expected chứa 'chữ thường, số và dấu gạch dưới' nhưng actual là: 'Tên đăng nhập phải bắt đầu bằng chữ cái thường.' expected [true] but found [false]
at org.testng.Assert.fail(Assert.java:111)
at org.testng.Assert.failNotEquals(Assert.java:1578)
at org.testng.Assert.assertTrue(Assert.java:57)
at tests.RegisterTest.TC18_invalidCases(RegisterTest.java:409)
at java.base/jdk.internal.reflect.DirectMethodHandleAccessor.invoke(DirectMethodHandleAccessor.java:103)
at java.base/java.lang.reflect.Method.invoke(Method.java:580)
at org.testng.internal.invokers.MethodInvocationHelper.invokeMethod(MethodInvocationHelper.java:139)
at org.testng.internal.invokers.TestInvoker.invokeMethod(TestInvoker.java:664)
at org.testng.internal.invokers.TestInvoker.invokeTestMethod(TestInvoker.java:228)
at org.testng.internal.invokers.MethodRunner.runInSequence(MethodRunner.java:63)
at org.testng.internal.invokers.TestInvoker$MethodInvocationAgent.invoke(TestInvoker.java:961)
at org.testng.internal.invokers.TestInvoker.invokeTestMethods(TestInvoker.java:201)
at org.testng.internal.invokers.TestMethodWorker.invokeTestMethods(TestMethodWorker.java:148)
at org.testng.internal.invokers.TestMethodWorker.run(TestMethodWorker.java:128)
at java.base/java.util.ArrayList.forEach(ArrayList.java:1596)
at org.testng.TestRunner.privateRun(TestRunner.java:819)
at org.testng.TestRunner.run(TestRunner.java:619)
at org.testng.SuiteRunner.runTest(SuiteRunner.java:443)
at org.testng.SuiteRunner.runSequentially(SuiteRunner.java:437)
at org.testng.SuiteRunner.privateRun(SuiteRunner.java:397)
at org.testng.SuiteRunner.run(SuiteRunner.java:336)
at org.testng.SuiteRunnerWorker.runSuite(SuiteRunnerWorker.java:52)
at org.testng.SuiteRunnerWorker.run(SuiteRunnerWorker.java:95)
at org.testng.TestNG.runSuitesSequentially(TestNG.java:1301)
at org.testng.TestNG.runSuitesLocally(TestNG.java:1228)
at org.testng.TestNG.runSuites(TestNG.java:1134)
at org.testng.TestNG.run(TestNG.java:1101)
at org.apache.maven.surefire.testng.TestNGExecutor.run(TestNGExecutor.java:308)
at org.apache.maven.surefire.testng.TestNGXmlTestSuite.execute(TestNGXmlTestSuite.java:71)
at org.apache.maven.surefire.testng.TestNGProvider.invoke(TestNGProvider.java:113)
at org.apache.maven.surefire.booter.ForkedBooter.runSuitesInProcess(ForkedBooter.java:385)
at org.apache.maven.surefire.booter.ForkedBooter.execute(ForkedBooter.java:162)
at org.apache.maven.surefire.booter.ForkedBooter.run(ForkedBooter.java:507)
at org.apache.maven.surefire.booter.ForkedBooter.main(ForkedBooter.java:495)
]]>
    </failure>
  </testcase> <!-- TC18_invalidCases -->
  <testcase classname="tests.RegisterTest" name="TC18_invalidCases" time="2.043"/>
  <testcase classname="tests.RegisterTest" name="TC18_invalidCases" time="2.148"/>
  <testcase classname="tests.RegisterTest" name="TC18_invalidCases" time="1.742"/>
  <testcase classname="tests.RegisterTest" name="TC18_invalidCases" time="3.445"/>
  <testcase classname="tests.RegisterTest" name="TC18_invalidCases" time="1.636"/>
  <testcase classname="tests.RegisterTest" name="TC18_invalidCases" time="1.739"/>
  <testcase classname="tests.RegisterTest" name="TC18_invalidCases" time="1.723"/>
  <testcase classname="tests.RegisterTest" name="TC18_invalidCases" time="1.606"/>
  <testcase classname="tests.RegisterTest" name="TC18_invalidCases" time="1.779"/>
  <testcase classname="tests.RegisterTest" name="TC18_invalidCases" time="1.776"/>
  <testcase classname="tests.RegisterTest" name="TC18_invalidCases" time="1.758"/>
  <testcase classname="tests.RegisterTest" name="TC18_invalidCases" time="1.925"/>
</testsuite> <!-- tests.RegisterTest -->
