<?xml version="1.0" encoding="UTF-8"?>
<testng-results ignored="0" total="1" passed="0" failed="1" skipped="0">
  <reporter-output>
  </reporter-output>
  <suite started-at="2026-03-17T15:14:08 ICT" name="Lab9Bai5" finished-at="2026-03-17T15:14:12 ICT" duration-ms="4303">
    <groups>
    </groups>
    <test started-at="2026-03-17T15:14:08 ICT" name="Retry Mechanism Demo Tests" finished-at="2026-03-17T15:14:12 ICT" duration-ms="4303">
      <class name="com.lab9.tests.FlakySimulationTest">
        <test-method is-config="true" signature="setUp(java.lang.String,java.lang.String)[pri:0, instance:com.lab9.tests.FlakySimulationTest@2e005c4b]" started-at="2026-03-17T15:14:08 ICT" name="setUp" finished-at="2026-03-17T15:14:12 ICT" duration-ms="4121" status="PASS">
          <params>
            <param index="0">
              <value>
                <![CDATA[chrome]]>
              </value>
            </param>
            <param index="1">
              <value>
                <![CDATA[staging]]>
              </value>
            </param>
          </params>
          <reporter-output>
          </reporter-output>
        </test-method> <!-- setUp -->
        <test-method signature="flakyTestShouldPassOnThirdAttempt()[pri:0, instance:com.lab9.tests.FlakySimulationTest@2e005c4b]" started-at="2026-03-17T15:14:12 ICT" name="flakyTestShouldPassOnThirdAttempt" finished-at="2026-03-17T15:14:12 ICT" duration-ms="5" status="FAIL">
          <exception class="java.lang.AssertionError">
            <message>
              <![CDATA[Simulated flaky failure at attempt #1]]>
            </message>
            <full-stacktrace>
              <![CDATA[java.lang.AssertionError: Simulated flaky failure at attempt #1
at org.testng.Assert.fail(Assert.java:111)
at com.lab9.tests.FlakySimulationTest.flakyTestShouldPassOnThirdAttempt(FlakySimulationTest.java:27)
at java.base/jdk.internal.reflect.DirectMethodHandleAccessor.invoke(DirectMethodHandleAccessor.java:103)
at java.base/java.lang.reflect.Method.invoke(Method.java:580)
at org.testng.internal.invokers.MethodInvocationHelper.invokeMethod(MethodInvocationHelper.java:141)
at org.testng.internal.invokers.TestInvoker.invokeMethod(TestInvoker.java:686)
at org.testng.internal.invokers.TestInvoker.invokeTestMethod(TestInvoker.java:230)
at org.testng.internal.invokers.MethodRunner.runInSequence(MethodRunner.java:63)
at org.testng.internal.invokers.TestInvoker$MethodInvocationAgent.invoke(TestInvoker.java:992)
at org.testng.internal.invokers.TestInvoker.invokeTestMethods(TestInvoker.java:203)
at org.testng.internal.invokers.TestMethodWorker.invokeTestMethods(TestMethodWorker.java:154)
at org.testng.internal.invokers.TestMethodWorker.run(TestMethodWorker.java:134)
at java.base/java.util.ArrayList.forEach(ArrayList.java:1596)
at org.testng.TestRunner.privateRun(TestRunner.java:739)
at org.testng.TestRunner.run(TestRunner.java:614)
at org.testng.SuiteRunner.runTest(SuiteRunner.java:421)
at org.testng.SuiteRunner.runSequentially(SuiteRunner.java:413)
at org.testng.SuiteRunner.privateRun(SuiteRunner.java:373)
at org.testng.SuiteRunner.run(SuiteRunner.java:312)
at org.testng.SuiteRunnerWorker.runSuite(SuiteRunnerWorker.java:52)
at org.testng.SuiteRunnerWorker.run(SuiteRunnerWorker.java:95)
at org.testng.TestNG.runSuitesSequentially(TestNG.java:1274)
at org.testng.TestNG.runSuitesLocally(TestNG.java:1208)
at org.testng.TestNG.runSuites(TestNG.java:1112)
at org.testng.TestNG.run(TestNG.java:1079)
at org.apache.maven.surefire.testng.TestNGExecutor.run(TestNGExecutor.java:308)
at org.apache.maven.surefire.testng.TestNGXmlTestSuite.execute(TestNGXmlTestSuite.java:71)
at org.apache.maven.surefire.testng.TestNGProvider.invoke(TestNGProvider.java:113)
at org.apache.maven.surefire.booter.ForkedBooter.runSuitesInProcess(ForkedBooter.java:385)
at org.apache.maven.surefire.booter.ForkedBooter.execute(ForkedBooter.java:162)
at org.apache.maven.surefire.booter.ForkedBooter.run(ForkedBooter.java:507)
at org.apache.maven.surefire.booter.ForkedBooter.main(ForkedBooter.java:495)
]]>
            </full-stacktrace>
          </exception> <!-- java.lang.AssertionError -->
          <reporter-output>
          </reporter-output>
        </test-method> <!-- flakyTestShouldPassOnThirdAttempt -->
        <test-method is-config="true" signature="tearDown(org.testng.ITestResult)[pri:0, instance:com.lab9.tests.FlakySimulationTest@2e005c4b]" started-at="2026-03-17T15:14:12 ICT" name="tearDown" finished-at="2026-03-17T15:14:12 ICT" duration-ms="149" status="PASS">
          <params>
            <param index="0">
              <value>
                <![CDATA[[TestResult name=flakyTestShouldPassOnThirdAttempt status=FAILURE method=FlakySimulationTest.flakyTestShouldPassOnThirdAttempt()[pri:0, instance:com.lab9.tests.FlakySimulationTest@2e005c4b] output={null}]]]>
              </value>
            </param>
          </params>
          <reporter-output>
          </reporter-output>
        </test-method> <!-- tearDown -->
      </class> <!-- com.lab9.tests.FlakySimulationTest -->
    </test> <!-- Retry Mechanism Demo Tests -->
  </suite> <!-- Lab9Bai5 -->
</testng-results>
