<?xml version="1.0" encoding="UTF-8"?>
<!-- Generated by org.testng.reporters.JUnitReportReporter -->
<testsuite hostname="DESKTOP-RJK03JE" failures="0" tests="1" name="com.lab9.tests.ConfigReaderDemoTest" time="2.793" errors="0" timestamp="2026-03-17T15:37:18 ICT" skipped="0">
  <testcase classname="com.lab9.tests.ConfigReaderDemoTest" name="testConfigLoadedByEnv" time="2.793"/>
  <system-out>
    <![CDATA[Generated checkout data: CheckoutData{firstName='Allan', lastName='Botsford', postalCode='85862'}
Generated checkout data: CheckoutData{firstName='Shannon', lastName='Schumm', postalCode='46438'}]]>
  </system-out>
</testsuite> <!-- com.lab9.tests.ConfigReaderDemoTest -->
