<?xml version="1.0" encoding="UTF-8"?>
<!-- Generated by org.testng.reporters.JUnitReportReporter -->
<testsuite hostname="DESKTOP-RJK03JE" failures="0" tests="3" name="com.lab9.tests.FlakySimulationTest" time="4.524" errors="0" timestamp="2026-03-17T15:37:18 ICT" skipped="2">
  <testcase classname="com.lab9.tests.FlakySimulationTest" name="flakyTestShouldPassOnThirdAttempt" time="1.200">
    <skipped/>
  </testcase> <!-- flakyTestShouldPassOnThirdAttempt -->
  <testcase classname="com.lab9.tests.FlakySimulationTest" name="flakyTestShouldPassOnThirdAttempt" time="2.116">
    <skipped/>
  </testcase> <!-- flakyTestShouldPassOnThirdAttempt -->
  <testcase classname="com.lab9.tests.FlakySimulationTest" name="flakyTestShouldPassOnThirdAttempt" time="1.208"/>
  <system-out>
    <![CDATA[Generated checkout data: CheckoutData{firstName='Allan', lastName='Botsford', postalCode='85862'}
Generated checkout data: CheckoutData{firstName='Shannon', lastName='Schumm', postalCode='46438'}]]>
  </system-out>
</testsuite> <!-- com.lab9.tests.FlakySimulationTest -->
