<?xml version="1.0" encoding="UTF-8"?>
<testsuite xmlns:xsi="http://www.w3.org/2001/XMLSchema-instance" xsi:noNamespaceSchemaLocation="https://maven.apache.org/surefire/maven-surefire-plugin/xsd/surefire-test-report.xsd" name="Bai3BaseConverterTest" time="0.039" tests="14" errors="0" skipped="0" failures="0">
  <properties>
[...]
</properties>
  <testcase name="testConvertZero" classname="Bai3BaseConverterTest" time="0.019"/>
  <testcase name="testBaseTooLarge" classname="Bai3BaseConverterTest" time="0.001"/>
  <testcase name="testBaseTooSmall" classname="Bai3BaseConverterTest" time="0.002"/>
  <testcase name="testConvertLargeNumber" classname="Bai3BaseConverterTest" time="0"/>
  <testcase name="testConvertToBase12" classname="Bai3BaseConverterTest" time="0"/>
  <testcase name="testConvertToBinary" classname="Bai3BaseConverterTest" time="0"/>
  <testcase name="testEdgeCasesBase16" classname="Bai3BaseConverterTest" time="0.001"/>
  <testcase name="testConvertToBase3" classname="Bai3BaseConverterTest" time="0"/>
  <testcase name="testConvertToBase5" classname="Bai3BaseConverterTest" time="0"/>
  <testcase name="testConvertToOctal" classname="Bai3BaseConverterTest" time="0.001"/>
  <testcase name="testNegativeNumber" classname="Bai3BaseConverterTest" time="0"/>
  <testcase name="testAllValidBases" classname="Bai3BaseConverterTest" time="0.002"/>
  <testcase name="testConvertToDecimal" classname="Bai3BaseConverterTest" time="0.001"/>
  <testcase name="testConvertToHexadecimal" classname="Bai3BaseConverterTest" time="0"/>
</testsuite>