<?xml version="1.0" encoding="UTF-8"?>
<!-- Generated by org.testng.reporters.JUnitReportReporter -->
<testsuite hostname="DESKTOP-RJK03JE" failures="0" tests="6" name="dtm.XepLoaiTest" time="0.008" errors="0" timestamp="2026-03-10T15:20:11 ICT" skipped="0">
  <testcase classname="dtm.XepLoaiTest" name="testThiLai" time="0.000"/>
  <testcase classname="dtm.XepLoaiTest" name="testXepLoaiKha" time="0.000"/>
  <testcase classname="dtm.XepLoaiTest" name="testXepLoaiTrungBinh" time="0.000"/>
  <testcase classname="dtm.XepLoaiTest" name="testDiemKhongHopLe" time="0.005"/>
  <testcase classname="dtm.XepLoaiTest" name="testYeuHocLai" time="0.001"/>
  <testcase classname="dtm.XepLoaiTest" name="testXepLoaiGioi" time="0.002"/>
</testsuite> <!-- dtm.XepLoaiTest -->
