<?xml version="1.0" encoding="UTF-8"?>
<!-- Generated by org.testng.reporters.JUnitReportReporter -->
<testsuite hostname="DESKTOP-RJK03JE" failures="0" tests="5" name="com.lab9.tests.UserLoginTest" time="12.159" errors="0" timestamp="2026-03-17T14:50:02 ICT" skipped="0">
  <testcase classname="com.lab9.tests.UserLoginTest" name="testLoginFromJson" time="1.527"/>
  <testcase classname="com.lab9.tests.UserLoginTest" name="testLoginFromJson" time="1.409"/>
  <testcase classname="com.lab9.tests.UserLoginTest" name="testLoginFromJson" time="4.010"/>
  <testcase classname="com.lab9.tests.UserLoginTest" name="testLoginFromJson" time="2.138"/>
  <testcase classname="com.lab9.tests.UserLoginTest" name="testLoginFromJson" time="3.075"/>
  <system-out>
    <![CDATA[Generated checkout data: CheckoutData{firstName='Mauro', lastName='Boyle', postalCode='50065'}
Generated checkout data: CheckoutData{firstName='Laurene', lastName='Ullrich', postalCode='16888'}]]>
  </system-out>
</testsuite> <!-- com.lab9.tests.UserLoginTest -->
