<?xml version="1.0" encoding="UTF-8"?>
<!-- Generated by org.testng.reporters.JUnitReportReporter -->
<testsuite hostname="DESKTOP-RJK03JE" failures="0" tests="2" name="com.lab9.tests.CheckoutFakerTest" time="6.517" errors="0" timestamp="2026-03-17T14:50:02 ICT" skipped="0">
  <testcase classname="com.lab9.tests.CheckoutFakerTest" name="testCheckoutWithRandomDataTwice" time="3.169">
    <system-out>
      <![CDATA[Generated checkout data: CheckoutData{firstName='Laurene', lastName='Ullrich', postalCode='16888'}]]>
    </system-out>
  </testcase> <!-- testCheckoutWithRandomDataTwice -->
  <testcase classname="com.lab9.tests.CheckoutFakerTest" name="testCheckoutWithRandomDataTwice" time="3.348">
    <system-out>
      <![CDATA[Generated checkout data: CheckoutData{firstName='Mauro', lastName='Boyle', postalCode='50065'}]]>
    </system-out>
  </testcase> <!-- testCheckoutWithRandomDataTwice -->
  <system-out>
    <![CDATA[Generated checkout data: CheckoutData{firstName='Mauro', lastName='Boyle', postalCode='50065'}
Generated checkout data: CheckoutData{firstName='Laurene', lastName='Ullrich', postalCode='16888'}]]>
  </system-out>
</testsuite> <!-- com.lab9.tests.CheckoutFakerTest -->
