<?xml version="1.0" encoding="UTF-8"?>
<!-- Generated by org.testng.reporters.JUnitXMLReporter -->
<testsuite ignored="0" hostname="DESKTOP-RJK03JE" failures="0" tests="6" name="Regression Tests" time="0.056" errors="0" timestamp="2026-03-10T14:41:24 ICT">
  <testcase classname="dtm.LoginTest" name="testLoginSuccess" time="0.006"/>
  <testcase classname="dtm.LoginTest" name="testLoginWrongPassword" time="0.0"/>
  <testcase classname="dtm.CartTest" name="testAddToCart" time="0.005"/>
  <testcase classname="dtm.CartTest" name="testRemoveFromCart" time="0.001"/>
  <testcase classname="dtm.CheckoutTest" name="testCheckoutComplete" time="0.002"/>
  <testcase classname="dtm.CheckoutTest" name="testCheckoutOverview" time="0.001"/>
</testsuite> <!-- Regression Tests -->
