<?xml version="1.0" encoding="UTF-8"?>
<!-- Generated by org.testng.reporters.JUnitReportReporter -->
<testsuite hostname="DESKTOP-RJK03JE" failures="0" tests="5" name="com.lab9.tests.UserLoginTest" time="15.564" errors="0" timestamp="2026-03-17T15:03:29 ICT" skipped="0">
  <testcase classname="com.lab9.tests.UserLoginTest" name="testLoginFromJson" time="2.317"/>
  <testcase classname="com.lab9.tests.UserLoginTest" name="testLoginFromJson" time="3.374"/>
  <testcase classname="com.lab9.tests.UserLoginTest" name="testLoginFromJson" time="2.533"/>
  <testcase classname="com.lab9.tests.UserLoginTest" name="testLoginFromJson" time="3.696"/>
  <testcase classname="com.lab9.tests.UserLoginTest" name="testLoginFromJson" time="3.644"/>
  <system-out>
    <![CDATA[Generated checkout data: CheckoutData{firstName='Karissa', lastName='Zulauf', postalCode='63834'}
Generated checkout data: CheckoutData{firstName='Karleen', lastName='Douglas', postalCode='67473'}]]>
  </system-out>
</testsuite> <!-- com.lab9.tests.UserLoginTest -->
