<?xml version="1.0" encoding="UTF-8"?>
<!-- Generated by org.testng.reporters.JUnitXMLReporter -->
<testsuite ignored="0" hostname="DESKTOP-RJK03JE" failures="3" tests="35" name="RegisterFormTests" time="90.965" errors="0" timestamp="2026-03-03T13:40:34 ICT">
  <testcase classname="tests.RegisterTest" name="TC01_registerWithValidData" time="11.624">
    <failure type="java.lang.AssertionError" message="TC01 FAIL: Banner đăng ký thành công không hiện ra. expected [true] but found [false]">
      <![CDATA[java.lang.AssertionError: TC01 FAIL: Banner đăng ký thành công không hiện ra. expected [true] but found [false]
at tests.RegisterTest.TC01_registerWithValidData(RegisterTest.java:49)
at java.base/java.util.ArrayList.forEach(ArrayList.java:1596)
... Removed 32 stack frames]]>
    </failure>
  </testcase> <!-- TC01_registerWithValidData -->
  <testcase classname="tests.RegisterTest" name="TC02_fullNameEmpty" time="1.07"/>
  <testcase classname="tests.RegisterTest" name="TC03_fullNameTooShort" time="1.102"/>
  <testcase classname="tests.RegisterTest" name="TC04_usernameInvalidFormat" time="1.198">
    <failure type="java.lang.AssertionError" message="TC04 FAIL: Thông báo lỗi không đúng: Tên đăng nhập phải bắt đầu bằng chữ cái thường. expected [true] but found [false]">
      <![CDATA[java.lang.AssertionError: TC04 FAIL: Thông báo lỗi không đúng: Tên đăng nhập phải bắt đầu bằng chữ cái thường. expected [true] but found [false]
at tests.RegisterTest.TC04_usernameInvalidFormat(RegisterTest.java:111)
at java.base/java.util.ArrayList.forEach(ArrayList.java:1596)
... Removed 32 stack frames]]>
    </failure>
  </testcase> <!-- TC04_usernameInvalidFormat -->
  <testcase classname="tests.RegisterTest" name="TC05_usernameDuplicate" time="0.963"/>
  <testcase classname="tests.RegisterTest" name="TC06_emailInvalidFormat" time="1.108"/>
  <testcase classname="tests.RegisterTest" name="TC07_emailDuplicate" time="0.897"/>
  <testcase classname="tests.RegisterTest" name="TC08_phoneTooShort" time="1.18"/>
  <testcase classname="tests.RegisterTest" name="TC09_passwordNoUppercase" time="0.943"/>
  <testcase classname="tests.RegisterTest" name="TC10_passwordTooShort" time="0.997"/>
  <testcase classname="tests.RegisterTest" name="TC11_confirmPasswordMismatch" time="1.062"/>
  <testcase classname="tests.RegisterTest" name="TC12_dobUnder16" time="0.983"/>
  <testcase classname="tests.RegisterTest" name="TC13_dobOver100" time="0.901"/>
  <testcase classname="tests.RegisterTest" name="TC14_referralCodeInvalidFormat" time="1.024"/>
  <testcase classname="tests.RegisterTest" name="TC15_referralCodeNotExist" time="1.178"/>
  <testcase classname="tests.RegisterTest" name="TC16_agreeTermsNotChecked" time="11.368"/>
  <testcase classname="tests.RegisterTest" name="TC17_viewTermsModalOpens" time="0.184"/>
  <testcase classname="tests.RegisterTest" name="TC18_invalidCases" time="0.956"/>
  <testcase classname="tests.RegisterTest" name="TC18_invalidCases" time="1.317"/>
  <testcase classname="tests.RegisterTest" name="TC18_invalidCases" time="0.86"/>
  <testcase classname="tests.RegisterTest" name="TC18_invalidCases" time="0.93">
    <failure type="java.lang.AssertionError" message="TC05 – Username không đúng format (chứa chữ hoa) – FAIL: Lỗi expected chứa &amp;apos;chữ thường, số và dấu gạch dưới&amp;apos; nhưng actual là: &amp;apos;Tên đăng nhập phải bắt đầu bằng chữ cái thường.&amp;apos; expected [true] but found [false]">
      <![CDATA[java.lang.AssertionError: TC05 – Username không đúng format (chứa chữ hoa) – FAIL: Lỗi expected chứa 'chữ thường, số và dấu gạch dưới' nhưng actual là: 'Tên đăng nhập phải bắt đầu bằng chữ cái thường.' expected [true] but found [false]
at tests.RegisterTest.TC18_invalidCases(RegisterTest.java:409)
at java.base/java.util.ArrayList.forEach(ArrayList.java:1596)
... Removed 32 stack frames]]>
    </failure>
  </testcase> <!-- TC18_invalidCases -->
  <testcase classname="tests.RegisterTest" name="TC18_invalidCases" time="0.87"/>
  <testcase classname="tests.RegisterTest" name="TC18_invalidCases" time="0.794"/>
  <testcase classname="tests.RegisterTest" name="TC18_invalidCases" time="0.876"/>
  <testcase classname="tests.RegisterTest" name="TC18_invalidCases" time="0.916"/>
  <testcase classname="tests.RegisterTest" name="TC18_invalidCases" time="0.773"/>
  <testcase classname="tests.RegisterTest" name="TC18_invalidCases" time="0.936"/>
  <testcase classname="tests.RegisterTest" name="TC18_invalidCases" time="0.77"/>
  <testcase classname="tests.RegisterTest" name="TC18_invalidCases" time="0.845"/>
  <testcase classname="tests.RegisterTest" name="TC18_invalidCases" time="0.869"/>
  <testcase classname="tests.RegisterTest" name="TC18_invalidCases" time="0.917"/>
  <testcase classname="tests.RegisterTest" name="TC18_invalidCases" time="0.887"/>
  <testcase classname="tests.RegisterTest" name="TC18_invalidCases" time="1.228"/>
  <testcase classname="tests.RegisterTest" name="TC18_invalidCases" time="1.301"/>
  <testcase classname="tests.RegisterTest" name="TC18_invalidCases" time="1.047"/>
</testsuite> <!-- RegisterFormTests -->
