<?xml version="1.0" encoding="UTF-8"?>
<!-- Generated by org.testng.reporters.JUnitReportReporter -->
<testsuite hostname="DESKTOP-RJK03JE" failures="0" tests="3" name="com.lab9.tests.LoginTest" time="7.370" errors="0" timestamp="2026-03-17T13:34:44 ICT" skipped="0">
  <testcase classname="com.lab9.tests.LoginTest" name="testLoginWithInvalidPasswordShowsError" time="2.498"/>
  <testcase classname="com.lab9.tests.LoginTest" name="testLoginWithLockedOutUserShowsError" time="2.308"/>
  <testcase classname="com.lab9.tests.LoginTest" name="testLoginSuccess" time="2.564"/>
</testsuite> <!-- com.lab9.tests.LoginTest -->
