<?xml version="1.0" encoding="UTF-8"?>
<testng-results ignored="0" total="6" passed="6" failed="0" skipped="0">
  <reporter-output>
  </reporter-output>
  <suite started-at="2026-03-10T15:20:11 ICT" name="Surefire suite" finished-at="2026-03-10T15:20:11 ICT" duration-ms="34">
    <groups>
    </groups>
    <test started-at="2026-03-10T15:20:11 ICT" name="Surefire test" finished-at="2026-03-10T15:20:11 ICT" duration-ms="34">
      <class name="dtm.XepLoaiTest">
        <test-method signature="testDiemKhongHopLe()[pri:0, instance:dtm.XepLoaiTest@53ca01a2]" started-at="2026-03-10T15:20:11 ICT" name="testDiemKhongHopLe" finished-at="2026-03-10T15:20:11 ICT" duration-ms="5" status="PASS">
          <reporter-output>
          </reporter-output>
        </test-method> <!-- testDiemKhongHopLe -->
        <test-method signature="testThiLai()[pri:0, instance:dtm.XepLoaiTest@53ca01a2]" started-at="2026-03-10T15:20:11 ICT" name="testThiLai" finished-at="2026-03-10T15:20:11 ICT" duration-ms="0" status="PASS">
          <reporter-output>
          </reporter-output>
        </test-method> <!-- testThiLai -->
        <test-method signature="testXepLoaiGioi()[pri:0, instance:dtm.XepLoaiTest@53ca01a2]" started-at="2026-03-10T15:20:11 ICT" name="testXepLoaiGioi" finished-at="2026-03-10T15:20:11 ICT" duration-ms="2" status="PASS">
          <reporter-output>
          </reporter-output>
        </test-method> <!-- testXepLoaiGioi -->
        <test-method signature="testXepLoaiKha()[pri:0, instance:dtm.XepLoaiTest@53ca01a2]" started-at="2026-03-10T15:20:11 ICT" name="testXepLoaiKha" finished-at="2026-03-10T15:20:11 ICT" duration-ms="0" status="PASS">
          <reporter-output>
          </reporter-output>
        </test-method> <!-- testXepLoaiKha -->
        <test-method signature="testXepLoaiTrungBinh()[pri:0, instance:dtm.XepLoaiTest@53ca01a2]" started-at="2026-03-10T15:20:11 ICT" name="testXepLoaiTrungBinh" finished-at="2026-03-10T15:20:11 ICT" duration-ms="0" status="PASS">
          <reporter-output>
          </reporter-output>
        </test-method> <!-- testXepLoaiTrungBinh -->
        <test-method signature="testYeuHocLai()[pri:0, instance:dtm.XepLoaiTest@53ca01a2]" started-at="2026-03-10T15:20:11 ICT" name="testYeuHocLai" finished-at="2026-03-10T15:20:11 ICT" duration-ms="1" status="PASS">
          <reporter-output>
          </reporter-output>
        </test-method> <!-- testYeuHocLai -->
      </class> <!-- dtm.XepLoaiTest -->
    </test> <!-- Surefire test -->
  </suite> <!-- Surefire suite -->
</testng-results>
