<?xml version="1.0" encoding="UTF-8"?>
<!-- Generated by org.testng.reporters.JUnitXMLReporter -->
<testsuite ignored="0" hostname="DESKTOP-RJK03JE" failures="1" tests="2" name="Base Framework Demo Tests" time="2.15" errors="0" timestamp="2026-03-17T13:24:03 ICT">
  <testcase classname="com.lab9.tests.BaseTestDemoTest" name="passTestShouldOpenConfiguredUrl" time="0.009"/>
  <testcase classname="com.lab9.tests.BaseTestDemoTest" name="failTestShouldTriggerScreenshotCapture" time="0.005">
    <failure type="java.lang.AssertionError" message="Intentional failure to verify screenshot capture in target/screenshots. expected [true] but found [false]">
      <![CDATA[java.lang.AssertionError: Intentional failure to verify screenshot capture in target/screenshots. expected [true] but found [false]
at com.lab9.tests.BaseTestDemoTest.failTestShouldTriggerScreenshotCapture(BaseTestDemoTest.java:20)
at java.base/java.util.concurrent.Executors$RunnableAdapter.call(Executors.java:572)
at java.base/java.util.concurrent.FutureTask.run(FutureTask.java:317)
at java.base/java.util.concurrent.ThreadPoolExecutor.runWorker(ThreadPoolExecutor.java:1144)
at java.base/java.util.concurrent.ThreadPoolExecutor$Worker.run(ThreadPoolExecutor.java:642)
at java.base/java.lang.Thread.run(Thread.java:1583)
... Removed 14 stack frames]]>
    </failure>
  </testcase> <!-- failTestShouldTriggerScreenshotCapture -->
</testsuite> <!-- Base Framework Demo Tests -->
