<?xml version="1.0" encoding="UTF-8"?>
<!-- Generated by org.testng.reporters.JUnitXMLReporter -->
<testsuite ignored="0" hostname="DESKTOP-RJK03JE" failures="3" tests="20" name="AllTests" time="79.944" errors="0" timestamp="2026-03-03T15:35:05 ICT">
  <testcase classname="dtm.tests.TC_DangNhapTest" name="TC_DangNhap_01_dangNhapThanhCong" time="1.008"/>
  <testcase classname="dtm.tests.TC_DangNhapTest" name="TC_DangNhap_02_dangNhapHopLe" time="0.868"/>
  <testcase classname="dtm.tests.TC_DangNhapTest" name="TC_DangNhap_02_dangNhapHopLe" time="0.783"/>
  <testcase classname="dtm.tests.TC_DangNhapTest" name="TC_DangNhap_02_dangNhapHopLe" time="5.905"/>
  <testcase classname="dtm.tests.TC_DangNhapTest" name="TC_DangNhap_03_dangNhapKhongHopLe" time="0.68"/>
  <testcase classname="dtm.tests.TC_DangNhapTest" name="TC_DangNhap_03_dangNhapKhongHopLe" time="0.769"/>
  <testcase classname="dtm.tests.TC_DangNhapTest" name="TC_DangNhap_03_dangNhapKhongHopLe" time="0.821"/>
  <testcase classname="dtm.tests.TC_DangNhapTest" name="TC_DangNhap_03_dangNhapKhongHopLe" time="0.942"/>
  <testcase classname="dtm.tests.TC_GioHangTest" name="TC_GioHang_01_themSanPhamVaKiemTraBadge" time="0.113"/>
  <testcase classname="dtm.tests.TC_GioHangTest" name="TC_GioHang_02_themSanPhamTheoData" time="0.099"/>
  <testcase classname="dtm.tests.TC_GioHangTest" name="TC_GioHang_02_themSanPhamTheoData" time="0.08"/>
  <testcase classname="dtm.tests.TC_GioHangTest" name="TC_GioHang_02_themSanPhamTheoData" time="0.074"/>
  <testcase classname="dtm.tests.TC_GioHangTest" name="TC_GioHang_03_xacNhanSanPhamTrongGio" time="0.163"/>
  <testcase classname="dtm.tests.TC_GioHangTest" name="TC_GioHang_04_xoaSanPhamKhoiGio" time="10.25"/>
  <testcase classname="dtm.tests.TC_TimKiemTest" name="TC_TimKiem_01_trangSanPhamCoSanPham" time="0.051"/>
  <testcase classname="dtm.tests.TC_TimKiemTest" name="TC_TimKiem_02_sapXepAZ" time="0.101"/>
  <testcase classname="dtm.tests.TC_TimKiemTest" name="TC_TimKiem_03_sapXepZA" time="0.213"/>
  <testcase classname="dtm.tests.TC_CheckoutTest" name="TC_Checkout_01_checkoutThanhCong" time="10.249">
    <failure type="org.openqa.selenium.TimeoutException" message="Expected condition failed: waiting for element to be clickable: By.cssSelector: [data-test=&amp;apos;finish&amp;apos;] (tried for 10 second(s) with 500 milliseconds interval)
Build info: version: &amp;apos;4.15.0&amp;apos;, revision: &amp;apos;1d14b5521b&amp;apos;
System info: os.name: &amp;apos;Windows 11&amp;apos;, os.arch: &amp;apos;amd64&amp;apos;, os.version: &amp;apos;10.0&amp;apos;, java.version: &amp;apos;21.0.9&amp;apos;
Driver info: org.openqa.selenium.chrome.ChromeDriver
Capabilities {acceptInsecureCerts: false, browserName: chrome, browserVersion: 145.0.7632.117, chrome: {chromedriverVersion: 145.0.7632.117 (de4e5d6e13b..., userDataDir: C:\Users\PC\AppData\Local\T...}, fedcm:accounts: true, goog:chromeOptions: {debuggerAddress: localhost:61893}, goog:processID: 40580, networkConnectionEnabled: false, pageLoadStrategy: normal, platformName: windows, proxy: Proxy(), se:cdp: ws://localhost:61893/devtoo..., se:cdpVersion: 145.0.7632.117, setWindowRect: true, strictFileInteractability: false, timeouts: {implicit: 0, pageLoad: 300000, script: 30000}, unhandledPromptBehavior: dismiss and notify, webauthn:extension:credBlob: true, webauthn:extension:largeBlob: true, webauthn:extension:minPinLength: true, webauthn:extension:prf: true, webauthn:virtualAuthenticators: true}
Session ID: b54f42a7cd7b63a6e185a1a708765187">
      <![CDATA[org.openqa.selenium.TimeoutException: Expected condition failed: waiting for element to be clickable: By.cssSelector: [data-test='finish'] (tried for 10 second(s) with 500 milliseconds interval)
Build info: version: '4.15.0', revision: '1d14b5521b'
System info: os.name: 'Windows 11', os.arch: 'amd64', os.version: '10.0', java.version: '21.0.9'
Driver info: org.openqa.selenium.chrome.ChromeDriver
Capabilities {acceptInsecureCerts: false, browserName: chrome, browserVersion: 145.0.7632.117, chrome: {chromedriverVersion: 145.0.7632.117 (de4e5d6e13b..., userDataDir: C:\Users\PC\AppData\Local\T...}, fedcm:accounts: true, goog:chromeOptions: {debuggerAddress: localhost:61893}, goog:processID: 40580, networkConnectionEnabled: false, pageLoadStrategy: normal, platformName: windows, proxy: Proxy(), se:cdp: ws://localhost:61893/devtoo..., se:cdpVersion: 145.0.7632.117, setWindowRect: true, strictFileInteractability: false, timeouts: {implicit: 0, pageLoad: 300000, script: 30000}, unhandledPromptBehavior: dismiss and notify, webauthn:extension:credBlob: true, webauthn:extension:largeBlob: true, webauthn:extension:minPinLength: true, webauthn:extension:prf: true, webauthn:virtualAuthenticators: true}
Session ID: b54f42a7cd7b63a6e185a1a708765187
at org.openqa.selenium.support.ui.WebDriverWait.timeoutException(WebDriverWait.java:84)
at org.openqa.selenium.support.ui.FluentWait.until(FluentWait.java:229)
at dtm.pages.CheckoutPage.clickFinish(CheckoutPage.java:88)
at dtm.tests.TC_CheckoutTest.TC_Checkout_01_checkoutThanhCong(TC_CheckoutTest.java:45)
at java.base/java.util.ArrayList.forEach(ArrayList.java:1596)
... Removed 29 stack frames]]>
    </failure>
  </testcase> <!-- TC_Checkout_01_checkoutThanhCong -->
  <testcase classname="dtm.tests.TC_CheckoutTest" name="TC_Checkout_02_theuFirstNameHienLoi" time="10.275">
    <failure type="java.lang.AssertionError" message="TC_Checkout_02 FAIL: Không hiện lỗi khi bỏ trống First Name. expected [false] but found [true]">
      <![CDATA[java.lang.AssertionError: TC_Checkout_02 FAIL: Không hiện lỗi khi bỏ trống First Name. expected [false] but found [true]
at dtm.tests.TC_CheckoutTest.TC_Checkout_02_theuFirstNameHienLoi(TC_CheckoutTest.java:70)
at java.base/java.util.ArrayList.forEach(ArrayList.java:1596)
... Removed 32 stack frames]]>
    </failure>
  </testcase> <!-- TC_Checkout_02_theuFirstNameHienLoi -->
  <testcase classname="dtm.tests.TC_CheckoutTest" name="TC_Checkout_03_theuPostalCodeHienLoi" time="10.416">
    <failure type="java.lang.AssertionError" message="TC_Checkout_03 FAIL: Không hiện lỗi khi bỏ trống Postal Code. expected [false] but found [true]">
      <![CDATA[java.lang.AssertionError: TC_Checkout_03 FAIL: Không hiện lỗi khi bỏ trống Postal Code. expected [false] but found [true]
at dtm.tests.TC_CheckoutTest.TC_Checkout_03_theuPostalCodeHienLoi(TC_CheckoutTest.java:90)
at java.base/java.util.ArrayList.forEach(ArrayList.java:1596)
... Removed 32 stack frames]]>
    </failure>
  </testcase> <!-- TC_Checkout_03_theuPostalCodeHienLoi -->
</testsuite> <!-- AllTests -->
