<?xml version="1.0" encoding="UTF-8"?>
<!-- Generated by org.testng.reporters.JUnitXMLReporter -->
<testsuite ignored="0" hostname="DESKTOP-RJK03JE" failures="2" tests="8" name="JSON And Faker Tests" time="67.25" errors="0" timestamp="2026-03-17T15:03:29 ICT">
  <testcase classname="com.lab9.tests.ConfigReaderDemoTest" name="testConfigLoadedByEnv" time="0.004"/>
  <testcase classname="com.lab9.tests.UserLoginTest" name="Valid standard user should login successfully" time="0.286"/>
  <testcase classname="com.lab9.tests.UserLoginTest" name="Locked out user should see login error" time="0.274"/>
  <testcase classname="com.lab9.tests.UserLoginTest" name="Standard user with wrong password should fail" time="0.276"/>
  <testcase classname="com.lab9.tests.UserLoginTest" name="Empty username should show required username error" time="0.234"/>
  <testcase classname="com.lab9.tests.UserLoginTest" name="Empty password should show required password error" time="0.236"/>
  <testcase classname="com.lab9.tests.CheckoutFakerTest" name="testCheckoutWithRandomDataTwice" time="20.917">
    <failure type="java.lang.AssertionError" message="Checkout overview page should be loaded after continue. expected [true] but found [false]">
      <![CDATA[java.lang.AssertionError: Checkout overview page should be loaded after continue. expected [true] but found [false]
at com.lab9.tests.CheckoutFakerTest.testCheckoutWithRandomDataTwice(CheckoutFakerTest.java:36)
at java.base/java.util.ArrayList.forEach(ArrayList.java:1596)
... Removed 32 stack frames]]>
    </failure>
  </testcase> <!-- testCheckoutWithRandomDataTwice -->
  <testcase classname="com.lab9.tests.CheckoutFakerTest" name="testCheckoutWithRandomDataTwice" time="20.811">
    <failure type="java.lang.AssertionError" message="Checkout overview page should be loaded after continue. expected [true] but found [false]">
      <![CDATA[java.lang.AssertionError: Checkout overview page should be loaded after continue. expected [true] but found [false]
at com.lab9.tests.CheckoutFakerTest.testCheckoutWithRandomDataTwice(CheckoutFakerTest.java:36)
at java.base/java.util.ArrayList.forEach(ArrayList.java:1596)
... Removed 32 stack frames]]>
    </failure>
  </testcase> <!-- testCheckoutWithRandomDataTwice -->
</testsuite> <!-- JSON And Faker Tests -->
