<?xml version="1.0" encoding="UTF-8"?>
<testng-results ignored="0" total="1" passed="1" failed="0" skipped="0">
  <reporter-output>
  </reporter-output>
  <suite started-at="2026-03-17T15:05:02 ICT" name="Lab9Bai5" finished-at="2026-03-17T15:05:07 ICT" duration-ms="5188">
    <groups>
    </groups>
    <test started-at="2026-03-17T15:05:02 ICT" name="Config Reader Demo Tests" finished-at="2026-03-17T15:05:07 ICT" duration-ms="5188">
      <class name="com.lab9.tests.ConfigReaderDemoTest">
        <test-method is-config="true" signature="setUp(java.lang.String,java.lang.String)[pri:0, instance:com.lab9.tests.ConfigReaderDemoTest@4567f35d]" started-at="2026-03-17T15:05:02 ICT" name="setUp" finished-at="2026-03-17T15:05:07 ICT" duration-ms="5071" status="PASS">
          <params>
            <param index="0">
              <value>
                <![CDATA[chrome]]>
              </value>
            </param>
            <param index="1">
              <value>
                <![CDATA[dev]]>
              </value>
            </param>
          </params>
          <reporter-output>
          </reporter-output>
        </test-method> <!-- setUp -->
        <test-method signature="testConfigLoadedByEnv()[pri:0, instance:com.lab9.tests.ConfigReaderDemoTest@4567f35d]" started-at="2026-03-17T15:05:07 ICT" name="testConfigLoadedByEnv" finished-at="2026-03-17T15:05:07 ICT" duration-ms="2" status="PASS">
          <reporter-output>
          </reporter-output>
        </test-method> <!-- testConfigLoadedByEnv -->
        <test-method is-config="true" signature="tearDown(org.testng.ITestResult)[pri:0, instance:com.lab9.tests.ConfigReaderDemoTest@4567f35d]" started-at="2026-03-17T15:05:07 ICT" name="tearDown" finished-at="2026-03-17T15:05:07 ICT" duration-ms="89" status="PASS">
          <params>
            <param index="0">
              <value>
                <![CDATA[[TestResult name=testConfigLoadedByEnv status=SUCCESS method=ConfigReaderDemoTest.testConfigLoadedByEnv()[pri:0, instance:com.lab9.tests.ConfigReaderDemoTest@4567f35d] output={null}]]]>
              </value>
            </param>
          </params>
          <reporter-output>
          </reporter-output>
        </test-method> <!-- tearDown -->
      </class> <!-- com.lab9.tests.ConfigReaderDemoTest -->
    </test> <!-- Config Reader Demo Tests -->
  </suite> <!-- Lab9Bai5 -->
</testng-results>
