<?xml version="1.0" encoding="UTF-8"?>
<!-- Generated by org.testng.reporters.JUnitReportReporter -->
<testsuite hostname="DESKTOP-RJK03JE" failures="0" tests="6" name="dtm.TinhTienNuocTest" time="0.008" errors="0" timestamp="2026-03-10T15:31:46 ICT" skipped="0">
  <testcase classname="dtm.TinhTienNuocTest" name="testDanCuBac2" time="0.001"/>
  <testcase classname="dtm.TinhTienNuocTest" name="testHoNgheo" time="0.000"/>
  <testcase classname="dtm.TinhTienNuocTest" name="testKinhDoanh" time="0.001"/>
  <testcase classname="dtm.TinhTienNuocTest" name="testDanCuBac1" time="0.006"/>
  <testcase classname="dtm.TinhTienNuocTest" name="testSoM3KhongHopLe" time="0.000"/>
  <testcase classname="dtm.TinhTienNuocTest" name="testDanCuBac3" time="0.000"/>
</testsuite> <!-- dtm.TinhTienNuocTest -->
